<?xml version="1.0" encoding="UTF-8"?>
<testng-results skipped="0" failed="0" ignored="0" total="1" passed="1">
  <reporter-output>
  </reporter-output>
  <suite name="Default suite" duration-ms="18118" started-at="2020-07-11T23:15:30 BST" finished-at="2020-07-11T23:15:48 BST">
    <groups>
    </groups>
    <test name="Default test" duration-ms="18118" started-at="2020-07-11T23:15:30 BST" finished-at="2020-07-11T23:15:48 BST">
      <class name="com.AudenTest.testCases.AudenSliderTestRaw">
        <test-method status="PASS" signature="setUp()[pri:0, instance:com.AudenTest.testCases.AudenSliderTestRaw@3857f613]" name="setUp" is-config="true" duration-ms="6839" started-at="2020-07-11T23:15:30 BST" finished-at="2020-07-11T23:15:37 BST">
          <reporter-output>
          </reporter-output>
        </test-method> <!-- setUp -->
        <test-method status="PASS" signature="dragslider()[pri:0, instance:com.AudenTest.testCases.AudenSliderTestRaw@3857f613]" name="dragslider" duration-ms="11224" started-at="2020-07-11T23:15:37 BST" finished-at="2020-07-11T23:15:48 BST">
          <reporter-output>
          </reporter-output>
        </test-method> <!-- dragslider -->
      </class> <!-- com.AudenTest.testCases.AudenSliderTestRaw -->
    </test> <!-- Default test -->
  </suite> <!-- Default suite -->
</testng-results>
